2016-08-06 19:34:30,403 DEBUG [main] debug [UserFormValidatorTest.java:41] shrt
2016-08-06 19:34:30,415 DEBUG [main] debug [UserFormValidatorTest.java:41] normalName12
2016-08-08 11:02:02,689 DEBUG [http-nio-8080-exec-2] debug [UserController.java:49] 1
2016-08-08 11:10:11,046 DEBUG [http-nio-8080-exec-7] debug [UserController.java:49] register.nickName.length
2016-08-08 11:10:24,848 DEBUG [http-nio-8080-exec-7] debug [UserController.java:49] register.password.length
2016-08-08 11:10:32,822 DEBUG [http-nio-8080-exec-7] debug [UserController.java:49] register.password.required
2016-08-08 11:10:40,061 DEBUG [http-nio-8080-exec-7] debug [UserController.java:49] register.nickName.required
2016-08-08 11:10:50,519 DEBUG [http-nio-8080-exec-7] debug [UserController.java:49] register.password.required
2016-08-08 11:11:39,091 DEBUG [http-nio-8080-exec-7] debug [UserController.java:49] register.nickName.length
2016-08-08 11:11:51,631 DEBUG [http-nio-8080-exec-7] debug [UserController.java:49] register.password.length
2016-08-08 23:19:42,986 DEBUG [http-nio-8080-exec-4] debug [ContactController.java:54] Object is not supported: Contact{id=null, firstName='', lastName='', email='', mobileNum='', workNum=''}
2016-08-08 23:23:21,461 DEBUG [http-nio-8080-exec-8] debug [ContactController.java:54] Object is not supported: Contact{id=null, firstName='', lastName='', email='', mobileNum='', workNum=''}
2016-08-08 23:24:22,411 DEBUG [http-nio-8080-exec-6] debug [ContactController.java:54] Object is not supported: Contact{id=null, firstName='', lastName='', email='', mobileNum='', workNum=''}
2016-08-08 23:39:49,474 DEBUG [http-nio-8080-exec-5] debug [ContactController.java:58] Object is not supported: Contact{id=null, firstName='', lastName='', email='', mobileNum='', workNum=''}
2016-08-08 23:39:49,656 DEBUG [http-nio-8080-exec-6] debug [ContactController.java:80] contact.firstName.required
2016-08-08 23:42:35,017 DEBUG [http-nio-8080-exec-6] debug [ContactController.java:58] Object is not supported: Contact{id=null, firstName='', lastName='', email='', mobileNum='', workNum=''}
2016-08-08 23:42:35,162 DEBUG [http-nio-8080-exec-3] debug [ContactController.java:80] contact.firstName.required
2016-08-08 23:45:14,629 DEBUG [http-nio-8080-exec-4] debug [ContactController.java:58] Object is not supported: Contact{id=null, firstName='', lastName='', email='', mobileNum='', workNum=''}
2016-08-08 23:45:14,783 DEBUG [http-nio-8080-exec-5] debug [ContactController.java:80] contact.firstName.required
2016-08-08 23:46:25,142 DEBUG [http-nio-8080-exec-5] debug [ContactController.java:58] Object is not supported: Contact{id=null, firstName='', lastName='', email='', mobileNum='', workNum=''}
2016-08-08 23:46:25,295 DEBUG [http-nio-8080-exec-6] debug [ContactController.java:80] contact.firstName.required
2016-08-08 23:48:45,679 DEBUG [http-nio-8080-exec-4] debug [ContactController.java:58] Object is not supported: Contact{id=null, firstName='', lastName='', email='', mobileNum='', workNum=''}
2016-08-08 23:48:45,833 DEBUG [http-nio-8080-exec-3] debug [ContactController.java:80] contact.firstName.required
2016-08-08 23:51:37,492 DEBUG [http-nio-8080-exec-5] debug [ContactController.java:58] Object is not supported: Contact{id=null, firstName='', lastName='', email='', mobileNum='', workNum=''}
2016-08-08 23:51:37,635 DEBUG [http-nio-8080-exec-4] debug [ContactController.java:80] contact.firstName.required
2016-08-08 23:53:24,041 DEBUG [http-nio-8080-exec-3] debug [ContactController.java:58] Object is not supported: Contact{id=null, firstName='', lastName='', email='', mobileNum='', workNum=''}
2016-08-08 23:53:24,168 DEBUG [http-nio-8080-exec-5] debug [ContactController.java:80] contact.firstName.required
2016-08-08 23:57:33,817 DEBUG [http-nio-8080-exec-6] debug [ContactController.java:58] Object is not supported: Contact{id=null, firstName='', lastName='', email='', mobileNum='', workNum=''}
2016-08-08 23:57:33,972 DEBUG [http-nio-8080-exec-7] debug [ContactController.java:80] contact.firstName.required
2016-08-09 00:00:07,068 DEBUG [http-nio-8080-exec-4] debug [ContactController.java:58] Object is not supported: Contact{id=null, firstName='', lastName='', email='', mobileNum='', workNum=''}
2016-08-09 00:00:07,224 DEBUG [http-nio-8080-exec-3] debug [ContactController.java:80] contact.firstName.required
2016-08-09 00:02:19,924 DEBUG [http-nio-8080-exec-3] debug [ContactController.java:58] Object is not supported: Contact{id=null, firstName='', lastName='', email='', mobileNum='', workNum=''}
2016-08-09 00:02:20,134 DEBUG [http-nio-8080-exec-5] debug [ContactController.java:80] contact.firstName.required
2016-08-09 00:03:52,777 DEBUG [http-nio-8080-exec-5] debug [ContactController.java:58] Object is not supported: Contact{id=null, firstName='', lastName='', email='', mobileNum='', workNum=''}
2016-08-09 00:03:52,925 DEBUG [http-nio-8080-exec-3] debug [ContactController.java:80] contact.firstName.required
2016-08-09 00:05:20,590 DEBUG [http-nio-8080-exec-5] debug [ContactController.java:58] Object is not supported: Contact{id=null, firstName='', lastName='', email='', mobileNum='', workNum=''}
2016-08-09 00:05:20,816 DEBUG [http-nio-8080-exec-3] debug [ContactController.java:80] contact.firstName.required
2016-08-09 00:06:50,611 DEBUG [http-nio-8080-exec-4] debug [ContactController.java:58] Object is not supported: Contact{id=null, firstName='', lastName='', email='', mobileNum='', workNum=''}
2016-08-09 00:06:50,808 DEBUG [http-nio-8080-exec-5] debug [ContactController.java:80] contact.firstName.required
2016-08-09 00:06:57,707 DEBUG [http-nio-8080-exec-3] debug [ContactController.java:58] Object is not supported: Contact{id=null, firstName='', lastName='', email='', mobileNum='', workNum=''}
2016-08-09 00:06:57,768 DEBUG [http-nio-8080-exec-10] debug [ContactController.java:80] contact.firstName.required
2016-08-09 16:47:14,267 DEBUG [http-nio-8080-exec-3] debug [ContactController.java:58] Object is not supported: Contact{id=null, firstName='', lastName='dsd', email='', mobileNum='', workNum=''}
2016-08-09 16:47:14,374 DEBUG [http-nio-8080-exec-7] debug [ContactController.java:80] contact.firstName.required
2016-08-09 20:59:48,584 DEBUG [http-nio-8080-exec-3] debug [ContactController.java:58] Object is not supported: Contact{id=null, firstName='sd', lastName='', email='', mobileNum='sd', workNum=''}
2016-08-09 21:02:11,158 DEBUG [http-nio-8080-exec-5] debug [ContactController.java:58] Object is not supported: Contact{id=null, firstName='123', lastName='', email='', mobileNum='as', workNum=''}
2016-08-09 21:12:33,319 DEBUG [http-nio-8080-exec-6] debug [ContactController.java:58] Object is not supported: Contact{id=null, firstName='12', lastName='', email='', mobileNum='sd', workNum=''}
2016-08-09 21:17:32,407 DEBUG [http-nio-8080-exec-7] debug [ContactController.java:58] Object is not supported: Contact{id=null, firstName='12', lastName='', email='', mobileNum='sd', workNum=''}
2016-08-09 21:40:24,123 DEBUG [http-nio-8080-exec-10] debug [ContactController.java:58] Object is not supported: Contact{id=null, firstName='12', lastName='', email='', mobileNum='sd', workNum=''}
2016-08-09 21:40:35,167 DEBUG [http-nio-8080-exec-4] debug [ContactController.java:58] Object is not supported: Contact{id=null, firstName='12', lastName='', email='', mobileNum='sd', workNum=''}
2016-08-09 21:40:48,731 DEBUG [http-nio-8080-exec-7] debug [ContactController.java:58] Object is not supported: Contact{id=null, firstName='', lastName='', email='', mobileNum='', workNum=''}
2016-08-09 21:40:48,840 DEBUG [http-nio-8080-exec-8] debug [ContactController.java:80] contact.firstName.required
2016-08-09 21:43:43,917 DEBUG [http-nio-8080-exec-9] debug [ContactController.java:58] Object is not supported: Contact{id=null, firstName='s', lastName='', email='', mobileNum='ssds', workNum=''}
2016-08-09 21:48:28,758 DEBUG [http-nio-8080-exec-2] debug [ContactController.java:58] Object is not supported: Contact{id=null, firstName='   ', lastName='', email='', mobileNum='', workNum=''}
2016-08-09 21:48:28,887 DEBUG [http-nio-8080-exec-4] debug [ContactController.java:80] contact.firstName.required
2016-08-09 21:48:41,648 DEBUG [http-nio-8080-exec-5] debug [ContactController.java:58] Object is not supported: Contact{id=null, firstName='     ', lastName='', email='', mobileNum='', workNum=''}
2016-08-09 21:48:41,712 DEBUG [http-nio-8080-exec-6] debug [ContactController.java:80] contact.firstName.required
2016-08-09 21:48:47,574 DEBUG [http-nio-8080-exec-3] debug [ContactController.java:58] Object is not supported: Contact{id=null, firstName='v g', lastName='', email='', mobileNum='', workNum=''}
